proguard-project.txt
# To enable ProGuard in your project, edit project.properties
# to define the proguard.config property as described in that file.
#
# Add project specific ProGuard rules here.
# By default, the flags in this file are appended to flags specified
# in ${sdk.dir}/tools/proguard/proguard-android.txt
# You can edit the include path and order by changing the ProGuard
# include property in project.properties.
#
# For more details, see
#   http://developer.android.com/guide/developing/tools/proguard.html

# Add any project specific keep options here:

# If your project uses WebView with JS, uncomment the following
# and specify the fully qualified class name to the JavaScript interface
# class:
#-keepclassmembers class fqcn.of.javascript.interface.for.webview {
#   public *;
#}

-optimizationpasses 5
-dontusemixedcaseclassnames
-dontskipnonpubliclibraryclasses
-dontpreverify
-verbose
-optimizations !code/simplification/arithmetic,!field/*,!class/merging/*

-keep public class * extends android.app.Fragment  
-keep public class * extends android.app.Activity
-keep public class * extends android.app.Application
-keep public class * extends android.app.Service
-keep public class * extends android.content.BroadcastReceiver
-keep public class * extends android.content.ContentProvider
-keep public class * extends android.app.backup.BackupAgentHelper
-keep public class * extends android.preference.Preference
-keep public class * extends android.support.v4.**
-keep public class com.android.vending.licensing.ILicensingService

-keepclasseswithmembernames class * {                                       
    native <methods>;
}

-keepclasseswithmembers class * {                                             
    public <init>(android.content.Context, android.util.AttributeSet);
}

-keepclasseswithmembers class * {
    public <init>(android.content.Context, android.util.AttributeSet, int);    
}

-keepclassmembers class * extends android.app.Activity {                       
   public void *(android.view.View);
}

-keepclassmembers enum * {                                                   
    public static **[] values();
    public static ** valueOf(java.lang.String);
}

-keep class * implements android.os.Parcelable {                               
  public static final android.os.Parcelable$Creator *;
}

-libraryjars libs/android-support-v4.jar
-libraryjars libs/android-viewbadger.jar
-libraryjars libs/gson-2.2.4.jar
-libraryjars libs/jackson-core-2.5.0.jar
-libraryjars libs/jackson-annotations-2.5.0.jar
-libraryjars libs/jackson-databind-2.5.0.jar
-libraryjars libs/MyBarChart.jar
-libraryjars libs/NetCommand.jar
-libraryjars libs/universal-image-loader-1.9.3.jar
-libraryjars libs/xUtils-2.6.14.jar
-libraryjars libs/alipaySdk-20151112.jar
-libraryjars libs/umeng-analytics-v5.6.4.jar
-libraryjars libs/jpush-android-2.0.5.jar
-libraryjars libs/libammsdk.jar
-libraryjars libs/core_3.2.0.jar

-dontwarn com.tencent.**
-keep class com.tencent.** { *;}

-dontwarn cn.jpush.**
-keep class cn.jpush.** { *;}

-dontwarn com.umeng.analytics.**
-keep class com.umeng.analytics.** { *;}

-dontwarn com.alipay.**
-keep class com.alipay.** { *;}

-dontwarn u.aly.**
-keep class u.aly.** { *;}

-dontwarn com.google.gson.**
-keep class com.google.gson.** { *;}

-dontwarn demo.**
-keep class demo.** { *;}

-dontwarn com.hp.hpl.sparta.**
-keep class com.hp.hpl.sparta.** { *;}

-dontwarn io.vov.vitamio.**
-keep class io.vov.vitamio.** { *;}

-dontwarn com.fasterxml.jackson.**
-keep class com.fasterxml.jackson.** { *;}

-keep public class [com.xyd.student.xydexamanalysis].R$*{  
    public static final int *;  
}

-keepclassmembers public class * extends android.view.View {
   void set*(***);
   *** get*();
}

-keepclassmembers class **.R$* {
    public static <fields>;
}

-keepclassmembers class * {
   public <init>(org.json.JSONObject);
}

-dontwarn android.support.**
-keep class android.support.** { *; } 