proguard/seeds.txt
com.xyd.student.xydexamanalysis.Fragment.ExamFragment
com.xyd.student.xydexamanalysis.Fragment.ExternalFragment
com.xyd.student.xydexamanalysis.Fragment.ExternalFragment: ExternalFragment()
com.xyd.student.xydexamanalysis.Fragment.NoticeFragment
com.xyd.student.xydexamanalysis.Fragment.OwnerFragment
com.xyd.student.xydexamanalysis.Fragment.WeikeFragment
com.xyd.student.xydexamanalysis.InputCodeActivity
com.xyd.student.xydexamanalysis.InputCodeActivity: InputCodeActivity()
com.xyd.student.xydexamanalysis.R$anim: int alpha_in_anim
com.xyd.student.xydexamanalysis.R$anim: int alpha_out_anim
com.xyd.student.xydexamanalysis.R$anim: int down_anim
com.xyd.student.xydexamanalysis.R$anim: int in_anim
com.xyd.student.xydexamanalysis.R$anim: int in_anim2
com.xyd.student.xydexamanalysis.R$anim: int in_start_anim
com.xyd.student.xydexamanalysis.R$anim: int out_anim
com.xyd.student.xydexamanalysis.R$anim: int out_anim2
com.xyd.student.xydexamanalysis.R$anim: int up_anim
com.xyd.student.xydexamanalysis.R$anim: int update_loading_progressbar_anim
com.xyd.student.xydexamanalysis.R$array: int blood
com.xyd.student.xydexamanalysis.R$array: int dark
com.xyd.student.xydexamanalysis.R$attr: int border_inside_color
com.xyd.student.xydexamanalysis.R$attr: int border_outside_color
com.xyd.student.xydexamanalysis.R$attr: int border_thickness
com.xyd.student.xydexamanalysis.R$attr: int centered
com.xyd.student.xydexamanalysis.R$attr: int fillColor
com.xyd.student.xydexamanalysis.R$attr: int pageColor
com.xyd.student.xydexamanalysis.R$attr: int radius
com.xyd.student.xydexamanalysis.R$attr: int selectedColor
com.xyd.student.xydexamanalysis.R$attr: int snap
com.xyd.student.xydexamanalysis.R$attr: int strokeColor
com.xyd.student.xydexamanalysis.R$attr: int strokeWidth
com.xyd.student.xydexamanalysis.R$attr: int unselectedColor
com.xyd.student.xydexamanalysis.R$attr: int vpiCirclePageIndicatorStyle
com.xyd.student.xydexamanalysis.R$attr: int vpiIconPageIndicatorStyle
com.xyd.student.xydexamanalysis.R$attr: int vpiLinePageIndicatorStyle
com.xyd.student.xydexamanalysis.R$attr: int vpiTabPageIndicatorStyle
com.xyd.student.xydexamanalysis.R$attr: int vpiTitlePageIndicatorStyle
com.xyd.student.xydexamanalysis.R$attr: int vpiUnderlinePageIndicatorStyle
com.xyd.student.xydexamanalysis.R$bool: int default_circle_indicator_centered
com.xyd.student.xydexamanalysis.R$bool: int default_circle_indicator_snap
com.xyd.student.xydexamanalysis.R$color: int app_color
com.xyd.student.xydexamanalysis.R$color: int barcolor1
com.xyd.student.xydexamanalysis.R$color: int barcolor2
com.xyd.student.xydexamanalysis.R$color: int barcolor3
com.xyd.student.xydexamanalysis.R$color: int black
com.xyd.student.xydexamanalysis.R$color: int blood_dark
com.xyd.student.xydexamanalysis.R$color: int blood_darker
com.xyd.student.xydexamanalysis.R$color: int blood_light
com.xyd.student.xydexamanalysis.R$color: int blood_primary
com.xyd.student.xydexamanalysis.R$color: int btnclick
com.xyd.student.xydexamanalysis.R$color: int btnnormal
com.xyd.student.xydexamanalysis.R$color: int btnselect
com.xyd.student.xydexamanalysis.R$color: int btnunclick
com.xyd.student.xydexamanalysis.R$color: int buttomcolor
com.xyd.student.xydexamanalysis.R$color: int classclour
com.xyd.student.xydexamanalysis.R$color: int dark_dark
com.xyd.student.xydexamanalysis.R$color: int dark_darker
com.xyd.student.xydexamanalysis.R$color: int dark_light
com.xyd.student.xydexamanalysis.R$color: int dark_primary
com.xyd.student.xydexamanalysis.R$color: int default_circle_indicator_fill_color
com.xyd.student.xydexamanalysis.R$color: int default_circle_indicator_page_color
com.xyd.student.xydexamanalysis.R$color: int default_circle_indicator_stroke_color
com.xyd.student.xydexamanalysis.R$color: int difficult_scro_colur
com.xyd.student.xydexamanalysis.R$color: int explainquestion_background
...
android.support.annotation.AnimRes
android.support.annotation.AnimatorRes
android.support.annotation.AnyRes
android.support.annotation.ArrayRes
android.support.annotation.AttrRes
android.support.annotation.BinderThread
android.support.annotation.BoolRes
android.support.annotation.CallSuper
android.support.annotation.CheckResult
android.support.annotation.CheckResult: java.lang.String suggest()
android.support.annotation.ColorInt
android.support.annotation.ColorRes
android.support.annotation.DimenRes
android.support.annotation.DrawableRes
android.support.annotation.FloatRange
android.support.annotation.FloatRange: double from()
android.support.annotation.FloatRange: double to()
android.support.annotation.FloatRange: boolean fromInclusive()
android.support.annotation.FloatRange: boolean toInclusive()
android.support.annotation.FractionRes
android.support.annotation.IdRes
android.support.annotation.IntDef
android.support.annotation.IntDef: long[] value()
android.support.annotation.IntDef: boolean flag()
android.support.annotation.IntRange
android.support.annotation.IntRange: long from()
android.support.annotation.IntRange: long to()
android.support.annotation.IntegerRes
android.support.annotation.InterpolatorRes
android.support.annotation.Keep
android.support.annotation.LayoutRes
android.support.annotation.MainThread
android.support.annotation.MenuRes
android.support.annotation.NonNull
android.support.annotation.Nullable
android.support.annotation.PluralsRes
android.support.annotation.RawRes
android.support.annotation.RequiresPermission
android.support.annotation.RequiresPermission: java.lang.String value()
android.support.annotation.RequiresPermission: java.lang.String[] allOf()
android.support.annotation.RequiresPermission: java.lang.String[] anyOf()
android.support.annotation.RequiresPermission: boolean conditional()
android.support.annotation.RequiresPermission$Read
android.support.annotation.RequiresPermission$Read: android.support.annotation.RequiresPermission value()
android.support.annotation.RequiresPermission$Write
android.support.annotation.RequiresPermission$Write: android.support.annotation.RequiresPermission value()
android.support.annotation.Size
android.support.annotation.Size: long value()
android.support.annotation.Size: long min()
android.support.annotation.Size: long max()
android.support.annotation.Size: long multiple()
android.support.annotation.StringDef
android.support.annotation.StringDef: java.lang.String[] value()
android.support.annotation.StringRes
android.support.annotation.StyleRes
android.support.annotation.StyleableRes
android.support.annotation.TransitionRes
android.support.annotation.UiThread
android.support.annotation.VisibleForTesting
android.support.annotation.WorkerThread
android.support.annotation.XmlRes