proguard/mapping.txt
com.xyd.student.xydexamanalysis.Fragment.ExamFragment -> com.xyd.student.xydexamanalysis.Fragment.ExamFragment:
    com.xyd.student.xydexamanalysis.view.LoadingHelper loadingHelper -> a
    boolean isFirst -> b
    boolean isEnd -> c
    boolean loading -> d
    int currentPage -> e
    android.widget.ExpandableListView listView -> f
    com.xyd.student.xydexamanalysis.adapter.ExamExpandAdapter adapter -> g
    com.xyd.student.xydexamanalysis.entity.Exam.ExamInfos exam_con -> h
    java.util.List examlist -> i
    android.os.Handler mHandler -> j
    android.content.Context context -> k
    com.xyd.student.xydexamanalysis.utils.LoginUtils login -> l
    org.json.JSONObject param -> m
    boolean firstin -> n
    java.lang.String ExamserverUrl -> o
    com.xyd.student.xydexamanalysis.utils.LoginUtils loginUtils -> p
    android.support.v4.widget.SwipeRefreshLayout swipeRefreshLayout -> q
    android.widget.ImageView img_no_data -> r
    void onAttach(android.app.Activity) -> onAttach
    android.view.View onCreateView(android.view.LayoutInflater,android.view.ViewGroup,android.os.Bundle) -> onCreateView
    void readData(boolean) -> a
    void getInfoSuccess(java.lang.String,boolean) -> a
    void flushListview(java.util.List) -> a
    void OnRetryClick() -> a
    void update() -> b
    boolean onChildClick(android.widget.ExpandableListView,android.view.View,int,int,long) -> onChildClick
    void initSwipeRefreshLayout(android.view.View) -> a
com.xyd.student.xydexamanalysis.Fragment.ExamFragment$1 -> com.xyd.student.xydexamanalysis.Fragment.a:
    com.xyd.student.xydexamanalysis.Fragment.ExamFragment this$0 -> a
    boolean onGroupClick(android.widget.ExpandableListView,android.view.View,int,long) -> onGroupClick
com.xyd.student.xydexamanalysis.Fragment.ExamFragment$2 -> com.xyd.student.xydexamanalysis.Fragment.b:
    com.xyd.student.xydexamanalysis.Fragment.ExamFragment this$0 -> a
    void onScrollStateChanged(android.widget.AbsListView,int) -> onScrollStateChanged
    void onScroll(android.widget.AbsListView,int,int,int) -> onScroll
com.xyd.student.xydexamanalysis.Fragment.ExamFragment$3 -> com.xyd.student.xydexamanalysis.Fragment.c:
    com.xyd.student.xydexamanalysis.Fragment.ExamFragment this$0 -> a
    boolean val$refrehing -> b
    void success(java.lang.String) -> a
    void error(int,java.lang.String) -> a
com.xyd.student.xydexamanalysis.Fragment.ExamFragment$4 -> com.xyd.student.xydexamanalysis.Fragment.d:
    com.xyd.student.xydexamanalysis.Fragment.ExamFragment this$0 -> a
    void onRefresh() -> onRefresh
    com.xyd.student.xydexamanalysis.Fragment.ExamFragment access$0(com.xyd.student.xydexamanalysis.Fragment.ExamFragment$4) -> a
com.xyd.student.xydexamanalysis.Fragment.ExamFragment$4$1 -> com.xyd.student.xydexamanalysis.Fragment.e:
    com.xyd.student.xydexamanalysis.Fragment.ExamFragment$4 this$1 -> a
    void run() -> run
com.xyd.student.xydexamanalysis.Fragment.ExternalFragment -> com.xyd.student.xydexamanalysis.Fragment.ExternalFragment:
    android.view.View onCreateView(android.view.LayoutInflater,android.view.ViewGroup,android.os.Bundle) -> onCreateView
    void onPause() -> onPause
    void onResume() -> onResume
com.xyd.student.xydexamanalysis.Fragment.FragmentFactory -> com.xyd.student.xydexamanalysis.Fragment.f:
    java.util.HashMap mFragmentMap -> a
    android.support.v4.app.Fragment createFragment(int,android.content.Context) -> a
    void flushitem(int) -> a
...
u.aly.cu -> u.aly.cu:
    byte a -> a
    int b -> b
u.aly.cv -> u.aly.cv:
    byte a -> a
    byte b -> b
    int c -> c
u.aly.cw -> u.aly.cw:
    java.lang.String a -> a
    byte b -> b
    int c -> c
    java.lang.String toString() -> toString
    boolean equals(java.lang.Object) -> equals
    boolean a(u.aly.cw) -> a
u.aly.cx -> u.aly.cx:
    byte a -> a
    byte b -> b
    byte c -> c
    byte d -> d
u.aly.cy -> u.aly.cy:
    u.aly.dm g -> g
    u.aly.dm C() -> C
    void a(u.aly.cw) -> a
    void a() -> a
    void a(u.aly.dd) -> a
    void b() -> b
    void a(u.aly.ct) -> a
    void c() -> c
    void d() -> d
    void a(u.aly.cv) -> a
    void e() -> e
    void a(u.aly.cu) -> a
    void f() -> f
    void a(u.aly.dc) -> a
    void g() -> g
    void a(boolean) -> a
    void a(byte) -> a
    void a(short) -> a
    void a(int) -> a
    void a(long) -> a
    void a(double) -> a
    void a(java.lang.String) -> a
    void a(java.nio.ByteBuffer) -> a
    u.aly.cw h() -> h
    void i() -> i
    u.aly.dd j() -> j
    void k() -> k
    u.aly.ct l() -> l
    void m() -> m
    u.aly.cv n() -> n
    void o() -> o
    u.aly.cu p() -> p
    void q() -> q
    u.aly.dc r() -> r
    void s() -> s
    boolean t() -> t
    byte u() -> u
    short v() -> v
    int w() -> w
    long x() -> x
    double y() -> y
    java.lang.String z() -> z
    java.nio.ByteBuffer A() -> A
    void B() -> B
    java.lang.Class D() -> D
u.aly.cz -> u.aly.cz:
    long h -> h
    int a -> a
    int b -> b
    int c -> c
    int d -> d
    int e -> e
    int f -> f
    int g -> g
    int a() -> a
u.aly.d -> u.aly.d:
    java.lang.String a -> a
    android.content.Context b -> b
    java.lang.String f() -> f
u.aly.da -> u.aly.da:
    u.aly.cy a(u.aly.dm) -> a
u.aly.db -> u.aly.db:
    int a -> a
    void a(int) -> a
    void a(u.aly.cy,byte) -> a
    void a(u.aly.cy,byte,int) -> a
    u.aly.da a(byte[],u.aly.da) -> a
u.aly.dc -> u.aly.dc:
    byte a -> a
    int b -> b
u.aly.dd -> u.aly.dd:
    java.lang.String a -> a
u.aly.de -> u.aly.de:
    java.lang.Class D() -> D
    void a(java.util.BitSet,int) -> a
    java.util.BitSet b(int) -> b
    java.util.BitSet a(byte[]) -> a
    byte[] b(java.util.BitSet,int) -> b
u.aly.de$a -> u.aly.de$a:
    u.aly.cy a(u.aly.dm) -> a
u.aly.df -> u.aly.df:
    byte a -> a
    byte b -> b
    byte c -> c
    byte d -> d
    byte e -> e
    byte f -> f
    byte g -> g
    byte h -> h
    byte i -> i
    byte j -> j
    byte k -> k
    byte l -> l
    byte m -> m
    byte n -> n
u.aly.dg -> u.aly.dg:
    void b(u.aly.cy,u.aly.bz) -> b
    void a(u.aly.cy,u.aly.bz) -> a
u.aly.dh -> u.aly.dh:
    u.aly.dg b() -> b
u.aly.di -> u.aly.di:
u.aly.dj -> u.aly.dj:
u.aly.dk -> u.aly.dk:
    java.io.InputStream a -> a
    java.io.OutputStream b -> b
    boolean a() -> a
    void b() -> b
    void c() -> c
    int a(byte[],int,int) -> a
    void b(byte[],int,int) -> b
    void d() -> d
u.aly.dl -> u.aly.dl:
    byte[] a -> a
    int b -> b
    int c -> c
    void a(byte[]) -> a
    void c(byte[],int,int) -> c
    void e() -> e
    void c() -> c
    boolean a() -> a
    void b() -> b
    int a(byte[],int,int) -> a
    void b(byte[],int,int) -> b
    byte[] f() -> f
    int g() -> g
    int h() -> h
    void a(int) -> a
u.aly.dm -> u.aly.dm:
    boolean a() -> a
    boolean i() -> i
    void b() -> b
    void c() -> c
    int a(byte[],int,int) -> a
    int d(byte[],int,int) -> d
    void b(byte[]) -> b
    void b(byte[],int,int) -> b
    void d() -> d
    byte[] f() -> f
    int g() -> g
    int h() -> h
    void a(int) -> a
u.aly.dn -> u.aly.dn:
    long g -> g
    int a -> a
    int b -> b
    int c -> c
    int d -> d
    int e -> e
    int f -> f
    int a() -> a
u.aly.do -> u.aly.do:
    u.aly.dm a(u.aly.dm) -> a