proguard/usage.txt
com.xyd.student.xydexamanalysis.BuildConfig
com.xyd.student.xydexamanalysis.Fragment.FragmentFactory:
    public static final int TAB_NOTICE
    public static final int TAB_EXAM
    public static final int TAB_WEIKE
    public static final int TAB_OWNER
    14:14:public FragmentFactory()
com.xyd.student.xydexamanalysis.Fragment.NoticeFragment:
    public static final int NOTICE_START_ACTIVITY_CODE
    public static final int NOTICE_CODE_TOL_ACTIVITY_RESULT
    public static final int NOTICE_CODE_SIN_ACTIVITY_RESULT
    public static final int NOTICE_CODE_SHITIJIANG_ACTIVITY_RESULT
    public static final int NOTICE_CODE_YOUXIU_ACTIVITY_RESULT
    public static final int NOTICE_CODE_SHIFENTI_ACTIVITY_RESULT
    87:92:public NoticeFragment(android.content.Context)
    864:873:public void update()
com.xyd.student.xydexamanalysis.Fragment.OwnerFragment:
    private com.xyd.student.xydexamanalysis.utils.MyHttpUtil myhttpUtil
    278:285:public static android.graphics.Bitmap readBitMap(android.content.Context,int)
com.xyd.student.xydexamanalysis.Fragment.WeikeFragment:
    private com.xyd.student.xydexamanalysis.application.BaseApplication baseApplication
com.xyd.student.xydexamanalysis.InputCodeActivity:
    private org.json.JSONObject param
com.xyd.student.xydexamanalysis.Manifest
com.xyd.student.xydexamanalysis.Manifest$permission
com.xyd.student.xydexamanalysis.R:
    10:10:public R()
com.xyd.student.xydexamanalysis.R$anim
com.xyd.student.xydexamanalysis.R$array
com.xyd.student.xydexamanalysis.R$attr
com.xyd.student.xydexamanalysis.R$bool
com.xyd.student.xydexamanalysis.R$color
com.xyd.student.xydexamanalysis.R$dimen
com.xyd.student.xydexamanalysis.R$drawable
com.xyd.student.xydexamanalysis.R$id
com.xyd.student.xydexamanalysis.R$integer
com.xyd.student.xydexamanalysis.R$layout
com.xyd.student.xydexamanalysis.R$menu
com.xyd.student.xydexamanalysis.R$raw
com.xyd.student.xydexamanalysis.R$string
com.xyd.student.xydexamanalysis.R$style
com.xyd.student.xydexamanalysis.R$styleable:
    1156:1156:public R$styleable()
com.xyd.student.xydexamanalysis.RegisterAndForPwdActivity:
    private com.xyd.student.xydexamanalysis.entity.Login loginuserInfo
    587:600:private void getinsystem()
com.xyd.student.xydexamanalysis.adapter.MyExamAdapter
com.xyd.student.xydexamanalysis.adapter.MyExamAdapter$1
com.xyd.student.xydexamanalysis.adapter.MyExamAdapter$ViewHolder
com.xyd.student.xydexamanalysis.adapter.MyNoticeAdapter:
    125:126:private void setImageDisplay(java.lang.String)
com.xyd.student.xydexamanalysis.application.BaseApplication:
    129:129:public static android.os.Handler getMainThreadHandler()
    133:133:public static android.os.Looper getMainThreadLooper()
    137:137:public static java.lang.Thread getMainThread()
    141:141:public static int getMainThreadId()
com.xyd.student.xydexamanalysis.constant.Constant:
    public static final int ROWS_EXAM_LIMIT
    public static final int ROWS_NOTICE_LIMIT
    public static final java.lang.String SHARED_PREFERENCES
    6:6:public Constant()
com.xyd.student.xydexamanalysis.constant.Constants:
    public static final int ROWS_EXAM_LIMIT
    public static final int ROWS_NOTICE_LIMIT
    public static final java.lang.String SHARED_PREFERENCES
    public static final java.lang.String APP_ID
    6:6:public Constants()
com.xyd.student.xydexamanalysis.constant.Constants$ShowMsgActivity
com.xyd.student.xydexamanalysis.entity.CarelessInfo:
    24:25:public void setScoreRate(double)
    32:33:public void setCarelessIndex(double)
com.xyd.student.xydexamanalysis.entity.Casa_detail:
    28:29:public void setCourseName(java.lang.String)
    32:32:public double getScore()
    36:37:public void setScore(double)
    40:40:public double getClassAvgScore()
    44:45:public void setClassAvgScore(double)
    52:53:public void setOffset(double)
...
com.google.zxing.client.result.ExpandedProductResultParser
com.google.zxing.client.result.GeoParsedResult
com.google.zxing.client.result.GeoResultParser
com.google.zxing.client.result.ISBNParsedResult
com.google.zxing.client.result.ISBNResultParser
com.google.zxing.client.result.ParsedResult
com.google.zxing.client.result.ParsedResultType
com.google.zxing.client.result.ProductParsedResult
com.google.zxing.client.result.ProductResultParser
com.google.zxing.client.result.ResultParser
com.google.zxing.client.result.SMSMMSResultParser
com.google.zxing.client.result.SMSParsedResult
com.google.zxing.client.result.SMSTOMMSTOResultParser
com.google.zxing.client.result.SMTPResultParser
com.google.zxing.client.result.TelParsedResult
com.google.zxing.client.result.TelResultParser
com.google.zxing.client.result.TextParsedResult
com.google.zxing.client.result.URIParsedResult
com.google.zxing.client.result.URIResultParser
com.google.zxing.client.result.URLTOResultParser
com.google.zxing.client.result.VCardResultParser
com.google.zxing.client.result.VEventResultParser
com.google.zxing.client.result.VINParsedResult
com.google.zxing.client.result.VINResultParser
com.google.zxing.client.result.WifiParsedResult
com.google.zxing.client.result.WifiResultParser
com.google.zxing.common.BitArray:
    52:52:public int getSizeInBytes()
    56:61:private void ensureCapacity(int)
    86:87:public void flip(int)
    154:177:public void setRange(int,int)
    231:236:public void appendBit(boolean)
    247:254:public void appendBits(int,int)
    257:262:public void appendBitArray(com.google.zxing.common.BitArray)
    265:273:public void xor(com.google.zxing.common.BitArray)
    284:294:public void toBytes(int,byte[],int,int)
com.google.zxing.common.BitMatrix:
    66:122:public static com.google.zxing.common.BitMatrix parse(java.lang.String,java.lang.String,java.lang.String)
    149:151:public void unset(int,int)
    171:183:public void xor(com.google.zxing.common.BitMatrix)
    189:193:public void clear()
    388:388:public int getRowSize()
com.google.zxing.common.CharacterSetECI:
    93:93:public int getValue()
    115:115:public static com.google.zxing.common.CharacterSetECI getCharacterSetECIByName(java.lang.String)
com.google.zxing.common.DecoderResult:
    78:78:public java.lang.Integer getErrorsCorrected()
    86:86:public java.lang.Integer getErasures()
com.google.zxing.common.GlobalHistogramBinarizer:
    private static final int LUMINANCE_BITS
    private static final int LUMINANCE_SHIFT
    private static final int LUMINANCE_BUCKETS
com.google.zxing.common.GridSampler:
    48:49:public static void setGridSampler(com.google.zxing.common.GridSampler)
com.google.zxing.common.HybridBinarizer:
    private static final int BLOCK_SIZE_POWER
    private static final int BLOCK_SIZE
    private static final int BLOCK_SIZE_MASK
    private static final int MINIMUM_DIMENSION
    private static final int MIN_DYNAMIC_RANGE
com.google.zxing.common.PerspectiveTransform:
    87:95:public void transformPoints(float[],float[])
com.google.zxing.common.StringUtils:
    public static final java.lang.String SHIFT_JIS
    public static final java.lang.String GB2312
    private static final java.lang.String EUC_JP
    private static final java.lang.String UTF8
    private static final java.lang.String ISO88591
    42:42:private StringUtils()
com.google.zxing.common.detector.MathUtils:
    21:22:private MathUtils()
com.google.zxing.common.detector.MonochromeRectangleDetector
com.google.zxing.common.detector.WhiteRectangleDetector:
    private static final int INIT_SIZE
    private static final int CORR
com.google.zxing.common.reedsolomon.GenericGFPoly:
    70:70:int[] getCoefficients()
    201:223:com.google.zxing.common.reedsolomon.GenericGFPoly[] divide(com.google.zxing.common.reedsolomon.GenericGFPoly)
com.google.zxing.common.reedsolomon.ReedSolomonEncoder